{"/Users/ayotunde/Desktop/AltSchool/Altschool BlogApi/server.js": {"path":"/Users/ayotunde/Desktop/AltSchool/Altschool BlogApi/server.js","statementMap":{"0":{"start":{"line":1,"column":0},"end":{"line":1,"column":27}},"1":{"start":{"line":2,"column":16},"end":{"line":2,"column":34}},"2":{"start":{"line":3,"column":21},"end":{"line":3,"column":47}},"3":{"start":{"line":4,"column":13},"end":{"line":4,"column":30}},"4":{"start":{"line":5,"column":17},"end":{"line":5,"column":36}},"5":{"start":{"line":6,"column":18},"end":{"line":6,"column":50}},"6":{"start":{"line":8,"column":21},"end":{"line":8,"column":57}},"7":{"start":{"line":9,"column":13},"end":{"line":9,"column":37}},"8":{"start":{"line":10,"column":17},"end":{"line":10,"column":49}},"9":{"start":{"line":11,"column":23},"end":{"line":11,"column":47}},"10":{"start":{"line":14,"column":12},"end":{"line":14,"column":21}},"11":{"start":{"line":15,"column":13},"end":{"line":15,"column":37}},"12":{"start":{"line":17,"column":0},"end":{"line":17,"column":12}},"13":{"start":{"line":19,"column":0},"end":{"line":19,"column":14}},"14":{"start":{"line":20,"column":0},"end":{"line":20,"column":49}},"15":{"start":{"line":21,"column":0},"end":{"line":21,"column":24}},"16":{"start":{"line":23,"column":0},"end":{"line":23,"column":22}},"17":{"start":{"line":25,"column":0},"end":{"line":25,"column":19}},"18":{"start":{"line":26,"column":0},"end":{"line":26,"column":33}},"19":{"start":{"line":27,"column":0},"end":{"line":27,"column":31}},"20":{"start":{"line":29,"column":0},"end":{"line":31,"column":3}},"21":{"start":{"line":30,"column":2},"end":{"line":30,"column":55}},"22":{"start":{"line":33,"column":0},"end":{"line":33,"column":22}},"23":{"start":{"line":35,"column":0},"end":{"line":40,"column":3}},"24":{"start":{"line":36,"column":2},"end":{"line":36,"column":38}},"25":{"start":{"line":37,"column":2},"end":{"line":39,"column":5}},"26":{"start":{"line":38,"column":4},"end":{"line":38,"column":55}},"27":{"start":{"line":42,"column":0},"end":{"line":42,"column":21}}},"fnMap":{"0":{"name":"(anonymous_0)","decl":{"start":{"line":29,"column":14},"end":{"line":29,"column":15}},"loc":{"start":{"line":29,"column":28},"end":{"line":31,"column":1}},"line":29},"1":{"name":"(anonymous_1)","decl":{"start":{"line":35,"column":33},"end":{"line":35,"column":34}},"loc":{"start":{"line":35,"column":39},"end":{"line":40,"column":1}},"line":35},"2":{"name":"(anonymous_2)","decl":{"start":{"line":37,"column":19},"end":{"line":37,"column":20}},"loc":{"start":{"line":37,"column":25},"end":{"line":39,"column":3}},"line":37}},"branchMap":{"0":{"loc":{"start":{"line":15,"column":13},"end":{"line":15,"column":37}},"type":"binary-expr","locations":[{"start":{"line":15,"column":13},"end":{"line":15,"column":17}},{"start":{"line":15,"column":21},"end":{"line":15,"column":37}}],"line":15}},"s":{"0":1,"1":1,"2":1,"3":1,"4":1,"5":1,"6":1,"7":1,"8":1,"9":1,"10":1,"11":1,"12":1,"13":1,"14":1,"15":1,"16":1,"17":1,"18":1,"19":1,"20":1,"21":0,"22":1,"23":1,"24":1,"25":1,"26":1,"27":1},"f":{"0":0,"1":1,"2":1},"b":{"0":[1,0]},"_coverageSchema":"1a1c01bbd47fc00a2c39e90264f33305004495a9","hash":"9f5e7aaac6526bd52d06c486eaad4cd353df453e"}
,"/Users/ayotunde/Desktop/AltSchool/Altschool BlogApi/config/config.js": {"path":"/Users/ayotunde/Desktop/AltSchool/Altschool BlogApi/config/config.js","statementMap":{"0":{"start":{"line":1,"column":0},"end":{"line":1,"column":26}},"1":{"start":{"line":3,"column":21},"end":{"line":3,"column":111}},"2":{"start":{"line":5,"column":0},"end":{"line":5,"column":30}}},"fnMap":{},"branchMap":{"0":{"loc":{"start":{"line":3,"column":21},"end":{"line":3,"column":111}},"type":"cond-expr","locations":[{"start":{"line":3,"column":55},"end":{"line":3,"column":84}},{"start":{"line":3,"column":87},"end":{"line":3,"column":111}}],"line":3}},"s":{"0":1,"1":1,"2":1},"f":{},"b":{"0":[1,0]},"_coverageSchema":"1a1c01bbd47fc00a2c39e90264f33305004495a9","hash":"cc21e8c1cab319967af06ac22150ab3383260416"}
,"/Users/ayotunde/Desktop/AltSchool/Altschool BlogApi/config/dbConnection.js": {"path":"/Users/ayotunde/Desktop/AltSchool/Altschool BlogApi/config/dbConnection.js","statementMap":{"0":{"start":{"line":1,"column":17},"end":{"line":1,"column":36}},"1":{"start":{"line":2,"column":21},"end":{"line":2,"column":40}},"2":{"start":{"line":4,"column":18},"end":{"line":13,"column":1}},"3":{"start":{"line":5,"column":2},"end":{"line":12,"column":3}},"4":{"start":{"line":6,"column":4},"end":{"line":9,"column":7}},"5":{"start":{"line":11,"column":4},"end":{"line":11,"column":23}},"6":{"start":{"line":15,"column":0},"end":{"line":15,"column":27}}},"fnMap":{"0":{"name":"(anonymous_0)","decl":{"start":{"line":4,"column":18},"end":{"line":4,"column":19}},"loc":{"start":{"line":4,"column":30},"end":{"line":13,"column":1}},"line":4}},"branchMap":{},"s":{"0":1,"1":1,"2":1,"3":1,"4":1,"5":0,"6":1},"f":{"0":1},"b":{},"_coverageSchema":"1a1c01bbd47fc00a2c39e90264f33305004495a9","hash":"ded073f12de688880d8bb2bf8241a9a80cb37e9b"}
,"/Users/ayotunde/Desktop/AltSchool/Altschool BlogApi/config/user_roles.js": {"path":"/Users/ayotunde/Desktop/AltSchool/Altschool BlogApi/config/user_roles.js","statementMap":{"0":{"start":{"line":1,"column":19},"end":{"line":5,"column":1}},"1":{"start":{"line":7,"column":22},"end":{"line":10,"column":1}},"2":{"start":{"line":12,"column":0},"end":{"line":12,"column":47}}},"fnMap":{},"branchMap":{},"s":{"0":1,"1":1,"2":1},"f":{},"b":{},"_coverageSchema":"1a1c01bbd47fc00a2c39e90264f33305004495a9","hash":"6b290ed5622e44870e536e9a4128cb199adfda93"}
,"/Users/ayotunde/Desktop/AltSchool/Altschool BlogApi/controllers/articles.js": {"path":"/Users/ayotunde/Desktop/AltSchool/Altschool BlogApi/controllers/articles.js","statementMap":{"0":{"start":{"line":1,"column":16},"end":{"line":1,"column":44}},"1":{"start":{"line":2,"column":13},"end":{"line":2,"column":38}},"2":{"start":{"line":4,"column":20},"end":{"line":9,"column":1}},"3":{"start":{"line":5,"column":19},"end":{"line":5,"column":38}},"4":{"start":{"line":7,"column":2},"end":{"line":7,"column":79}},"5":{"start":{"line":7,"column":17},"end":{"line":7,"column":79}},"6":{"start":{"line":8,"column":2},"end":{"line":8,"column":33}},"7":{"start":{"line":11,"column":25},"end":{"line":18,"column":1}},"8":{"start":{"line":12,"column":19},"end":{"line":12,"column":38}},"9":{"start":{"line":14,"column":2},"end":{"line":15,"column":66}},"10":{"start":{"line":15,"column":4},"end":{"line":15,"column":66}},"11":{"start":{"line":17,"column":2},"end":{"line":17,"column":33}},"12":{"start":{"line":20,"column":19},"end":{"line":70,"column":1}},"13":{"start":{"line":21,"column":53},"end":{"line":21,"column":61}},"14":{"start":{"line":22,"column":15},"end":{"line":22,"column":23}},"15":{"start":{"line":24,"column":20},"end":{"line":24,"column":55}},"16":{"start":{"line":26,"column":20},"end":{"line":26,"column":59}},"17":{"start":{"line":28,"column":19},"end":{"line":28,"column":35}},"18":{"start":{"line":30,"column":22},"end":{"line":37,"column":3}},"19":{"start":{"line":31,"column":18},"end":{"line":31,"column":36}},"20":{"start":{"line":32,"column":24},"end":{"line":32,"column":36}},"21":{"start":{"line":33,"column":34},"end":{"line":33,"column":37}},"22":{"start":{"line":35,"column":27},"end":{"line":35,"column":74}},"23":{"start":{"line":36,"column":4},"end":{"line":36,"column":51}},"24":{"start":{"line":40,"column":2},"end":{"line":44,"column":3}},"25":{"start":{"line":41,"column":4},"end":{"line":43,"column":72}},"26":{"start":{"line":46,"column":21},"end":{"line":53,"column":4}},"27":{"start":{"line":55,"column":2},"end":{"line":59,"column":3}},"28":{"start":{"line":56,"column":4},"end":{"line":58,"column":86}},"29":{"start":{"line":61,"column":2},"end":{"line":69,"column":3}},"30":{"start":{"line":62,"column":19},"end":{"line":62,"column":35}},"31":{"start":{"line":63,"column":4},"end":{"line":63,"column":40}},"32":{"start":{"line":64,"column":4},"end":{"line":64,"column":27}},"33":{"start":{"line":66,"column":4},"end":{"line":66,"column":33}},"34":{"start":{"line":68,"column":4},"end":{"line":68,"column":23}},"35":{"start":{"line":72,"column":22},"end":{"line":117,"column":1}},"36":{"start":{"line":73,"column":15},"end":{"line":73,"column":23}},"37":{"start":{"line":74,"column":20},"end":{"line":74,"column":55}},"38":{"start":{"line":76,"column":2},"end":{"line":78,"column":3}},"39":{"start":{"line":77,"column":4},"end":{"line":77,"column":64}},"40":{"start":{"line":80,"column":18},"end":{"line":80,"column":68}},"41":{"start":{"line":82,"column":2},"end":{"line":86,"column":3}},"42":{"start":{"line":83,"column":4},"end":{"line":85,"column":65}},"43":{"start":{"line":88,"column":2},"end":{"line":92,"column":3}},"44":{"start":{"line":89,"column":4},"end":{"line":89,"column":35}},"45":{"start":{"line":91,"column":4},"end":{"line":91,"column":31}},"46":{"start":{"line":94,"column":2},"end":{"line":96,"column":3}},"47":{"start":{"line":95,"column":4},"end":{"line":95,"column":35}},"48":{"start":{"line":98,"column":2},"end":{"line":100,"column":3}},"49":{"start":{"line":99,"column":4},"end":{"line":99,"column":47}},"50":{"start":{"line":102,"column":2},"end":{"line":104,"column":3}},"51":{"start":{"line":103,"column":4},"end":{"line":103,"column":33}},"52":{"start":{"line":106,"column":2},"end":{"line":108,"column":3}},"53":{"start":{"line":107,"column":4},"end":{"line":107,"column":37}},"54":{"start":{"line":110,"column":2},"end":{"line":112,"column":3}},"55":{"start":{"line":111,"column":4},"end":{"line":111,"column":33}},"56":{"start":{"line":114,"column":17},"end":{"line":114,"column":37}},"57":{"start":{"line":116,"column":2},"end":{"line":116,"column":19}},"58":{"start":{"line":119,"column":22},"end":{"line":134,"column":1}},"59":{"start":{"line":120,"column":2},"end":{"line":122,"column":3}},"60":{"start":{"line":121,"column":4},"end":{"line":121,"column":72}},"61":{"start":{"line":124,"column":18},"end":{"line":124,"column":68}},"62":{"start":{"line":126,"column":2},"end":{"line":130,"column":3}},"63":{"start":{"line":127,"column":4},"end":{"line":129,"column":65}},"64":{"start":{"line":132,"column":17},"end":{"line":132,"column":62}},"65":{"start":{"line":133,"column":2},"end":{"line":133,"column":19}},"66":{"start":{"line":136,"column":19},"end":{"line":152,"column":1}},"67":{"start":{"line":137,"column":2},"end":{"line":139,"column":3}},"68":{"start":{"line":138,"column":4},"end":{"line":138,"column":72}},"69":{"start":{"line":141,"column":18},"end":{"line":141,"column":70}},"70":{"start":{"line":143,"column":2},"end":{"line":147,"column":3}},"71":{"start":{"line":144,"column":4},"end":{"line":146,"column":67}},"72":{"start":{"line":148,"column":2},"end":{"line":148,"column":25}},"73":{"start":{"line":149,"column":2},"end":{"line":149,"column":23}},"74":{"start":{"line":151,"column":2},"end":{"line":151,"column":20}},"75":{"start":{"line":154,"column":0},"end":{"line":161,"column":2}}},"fnMap":{"0":{"name":"(anonymous_0)","decl":{"start":{"line":4,"column":20},"end":{"line":4,"column":21}},"loc":{"start":{"line":4,"column":40},"end":{"line":9,"column":1}},"line":4},"1":{"name":"(anonymous_1)","decl":{"start":{"line":11,"column":25},"end":{"line":11,"column":26}},"loc":{"start":{"line":11,"column":45},"end":{"line":18,"column":1}},"line":11},"2":{"name":"(anonymous_2)","decl":{"start":{"line":20,"column":19},"end":{"line":20,"column":20}},"loc":{"start":{"line":20,"column":39},"end":{"line":70,"column":1}},"line":20},"3":{"name":"(anonymous_3)","decl":{"start":{"line":30,"column":22},"end":{"line":30,"column":23}},"loc":{"start":{"line":30,"column":33},"end":{"line":37,"column":3}},"line":30},"4":{"name":"(anonymous_4)","decl":{"start":{"line":72,"column":22},"end":{"line":72,"column":23}},"loc":{"start":{"line":72,"column":42},"end":{"line":117,"column":1}},"line":72},"5":{"name":"(anonymous_5)","decl":{"start":{"line":119,"column":22},"end":{"line":119,"column":23}},"loc":{"start":{"line":119,"column":42},"end":{"line":134,"column":1}},"line":119},"6":{"name":"(anonymous_6)","decl":{"start":{"line":136,"column":19},"end":{"line":136,"column":20}},"loc":{"start":{"line":136,"column":39},"end":{"line":152,"column":1}},"line":136}},"branchMap":{"0":{"loc":{"start":{"line":7,"column":2},"end":{"line":7,"column":79}},"type":"if","locations":[{"start":{"line":7,"column":2},"end":{"line":7,"column":79}},{"start":{},"end":{}}],"line":7},"1":{"loc":{"start":{"line":14,"column":2},"end":{"line":15,"column":66}},"type":"if","locations":[{"start":{"line":14,"column":2},"end":{"line":15,"column":66}},{"start":{},"end":{}}],"line":14},"2":{"loc":{"start":{"line":36,"column":11},"end":{"line":36,"column":51}},"type":"cond-expr","locations":[{"start":{"line":36,"column":33},"end":{"line":36,"column":34}},{"start":{"line":36,"column":37},"end":{"line":36,"column":51}}],"line":36},"3":{"loc":{"start":{"line":40,"column":2},"end":{"line":44,"column":3}},"type":"if","locations":[{"start":{"line":40,"column":2},"end":{"line":44,"column":3}},{"start":{},"end":{}}],"line":40},"4":{"loc":{"start":{"line":55,"column":2},"end":{"line":59,"column":3}},"type":"if","locations":[{"start":{"line":55,"column":2},"end":{"line":59,"column":3}},{"start":{},"end":{}}],"line":55},"5":{"loc":{"start":{"line":55,"column":6},"end":{"line":55,"column":48}},"type":"binary-expr","locations":[{"start":{"line":55,"column":6},"end":{"line":55,"column":12}},{"start":{"line":55,"column":16},"end":{"line":55,"column":28}},{"start":{"line":55,"column":32},"end":{"line":55,"column":39}},{"start":{"line":55,"column":43},"end":{"line":55,"column":48}}],"line":55},"6":{"loc":{"start":{"line":76,"column":2},"end":{"line":78,"column":3}},"type":"if","locations":[{"start":{"line":76,"column":2},"end":{"line":78,"column":3}},{"start":{},"end":{}}],"line":76},"7":{"loc":{"start":{"line":82,"column":2},"end":{"line":86,"column":3}},"type":"if","locations":[{"start":{"line":82,"column":2},"end":{"line":86,"column":3}},{"start":{},"end":{}}],"line":82},"8":{"loc":{"start":{"line":88,"column":2},"end":{"line":92,"column":3}},"type":"if","locations":[{"start":{"line":88,"column":2},"end":{"line":92,"column":3}},{"start":{"line":90,"column":9},"end":{"line":92,"column":3}}],"line":88},"9":{"loc":{"start":{"line":88,"column":6},"end":{"line":88,"column":58}},"type":"binary-expr","locations":[{"start":{"line":88,"column":6},"end":{"line":88,"column":21}},{"start":{"line":88,"column":25},"end":{"line":88,"column":58}}],"line":88},"10":{"loc":{"start":{"line":94,"column":2},"end":{"line":96,"column":3}},"type":"if","locations":[{"start":{"line":94,"column":2},"end":{"line":96,"column":3}},{"start":{},"end":{}}],"line":94},"11":{"loc":{"start":{"line":98,"column":2},"end":{"line":100,"column":3}},"type":"if","locations":[{"start":{"line":98,"column":2},"end":{"line":100,"column":3}},{"start":{},"end":{}}],"line":98},"12":{"loc":{"start":{"line":102,"column":2},"end":{"line":104,"column":3}},"type":"if","locations":[{"start":{"line":102,"column":2},"end":{"line":104,"column":3}},{"start":{},"end":{}}],"line":102},"13":{"loc":{"start":{"line":106,"column":2},"end":{"line":108,"column":3}},"type":"if","locations":[{"start":{"line":106,"column":2},"end":{"line":108,"column":3}},{"start":{},"end":{}}],"line":106},"14":{"loc":{"start":{"line":110,"column":2},"end":{"line":112,"column":3}},"type":"if","locations":[{"start":{"line":110,"column":2},"end":{"line":112,"column":3}},{"start":{},"end":{}}],"line":110},"15":{"loc":{"start":{"line":120,"column":2},"end":{"line":122,"column":3}},"type":"if","locations":[{"start":{"line":120,"column":2},"end":{"line":122,"column":3}},{"start":{},"end":{}}],"line":120},"16":{"loc":{"start":{"line":126,"column":2},"end":{"line":130,"column":3}},"type":"if","locations":[{"start":{"line":126,"column":2},"end":{"line":130,"column":3}},{"start":{},"end":{}}],"line":126},"17":{"loc":{"start":{"line":137,"column":2},"end":{"line":139,"column":3}},"type":"if","locations":[{"start":{"line":137,"column":2},"end":{"line":139,"column":3}},{"start":{},"end":{}}],"line":137},"18":{"loc":{"start":{"line":143,"column":2},"end":{"line":147,"column":3}},"type":"if","locations":[{"start":{"line":143,"column":2},"end":{"line":147,"column":3}},{"start":{},"end":{}}],"line":143}},"s":{"0":1,"1":1,"2":1,"3":3,"4":3,"5":0,"6":3,"7":1,"8":1,"9":1,"10":0,"11":1,"12":1,"13":1,"14":1,"15":1,"16":1,"17":1,"18":1,"19":1,"20":1,"21":1,"22":1,"23":1,"24":1,"25":0,"26":1,"27":1,"28":0,"29":1,"30":1,"31":1,"32":1,"33":1,"34":0,"35":1,"36":0,"37":0,"38":0,"39":0,"40":0,"41":0,"42":0,"43":0,"44":0,"45":0,"46":0,"47":0,"48":0,"49":0,"50":0,"51":0,"52":0,"53":0,"54":0,"55":0,"56":0,"57":0,"58":1,"59":0,"60":0,"61":0,"62":0,"63":0,"64":0,"65":0,"66":1,"67":2,"68":0,"69":2,"70":2,"71":0,"72":2,"73":2,"74":2,"75":1},"f":{"0":3,"1":1,"2":1,"3":1,"4":0,"5":0,"6":2},"b":{"0":[0,3],"1":[0,1],"2":[1,0],"3":[0,1],"4":[0,1],"5":[1,1,1,1],"6":[0,0],"7":[0,0],"8":[0,0],"9":[0,0],"10":[0,0],"11":[0,0],"12":[0,0],"13":[0,0],"14":[0,0],"15":[0,0],"16":[0,0],"17":[0,2],"18":[0,2]},"_coverageSchema":"1a1c01bbd47fc00a2c39e90264f33305004495a9","hash":"a5504a3bdfcc80a1ed73c37f9ac80b2775620ceb"}
,"/Users/ayotunde/Desktop/AltSchool/Altschool BlogApi/controllers/login.js": {"path":"/Users/ayotunde/Desktop/AltSchool/Altschool BlogApi/controllers/login.js","statementMap":{"0":{"start":{"line":1,"column":13},"end":{"line":1,"column":38}},"1":{"start":{"line":2,"column":15},"end":{"line":2,"column":32}},"2":{"start":{"line":3,"column":12},"end":{"line":3,"column":35}},"3":{"start":{"line":5,"column":18},"end":{"line":53,"column":1}},"4":{"start":{"line":6,"column":30},"end":{"line":6,"column":38}},"5":{"start":{"line":7,"column":2},"end":{"line":8,"column":80}},"6":{"start":{"line":8,"column":4},"end":{"line":8,"column":80}},"7":{"start":{"line":10,"column":20},"end":{"line":10,"column":56}},"8":{"start":{"line":12,"column":2},"end":{"line":12,"column":45}},"9":{"start":{"line":12,"column":18},"end":{"line":12,"column":45}},"10":{"start":{"line":14,"column":16},"end":{"line":14,"column":66}},"11":{"start":{"line":16,"column":2},"end":{"line":52,"column":3}},"12":{"start":{"line":17,"column":18},"end":{"line":17,"column":33}},"13":{"start":{"line":19,"column":24},"end":{"line":28,"column":5}},"14":{"start":{"line":30,"column":25},"end":{"line":39,"column":5}},"15":{"start":{"line":41,"column":4},"end":{"line":41,"column":42}},"16":{"start":{"line":42,"column":19},"end":{"line":42,"column":41}},"17":{"start":{"line":43,"column":4},"end":{"line":43,"column":24}},"18":{"start":{"line":45,"column":4},"end":{"line":49,"column":7}},"19":{"start":{"line":51,"column":4},"end":{"line":51,"column":30}},"20":{"start":{"line":55,"column":0},"end":{"line":55,"column":31}}},"fnMap":{"0":{"name":"(anonymous_0)","decl":{"start":{"line":5,"column":18},"end":{"line":5,"column":19}},"loc":{"start":{"line":5,"column":44},"end":{"line":53,"column":1}},"line":5}},"branchMap":{"0":{"loc":{"start":{"line":7,"column":2},"end":{"line":8,"column":80}},"type":"if","locations":[{"start":{"line":7,"column":2},"end":{"line":8,"column":80}},{"start":{},"end":{}}],"line":7},"1":{"loc":{"start":{"line":7,"column":6},"end":{"line":7,"column":25}},"type":"binary-expr","locations":[{"start":{"line":7,"column":6},"end":{"line":7,"column":12}},{"start":{"line":7,"column":16},"end":{"line":7,"column":25}}],"line":7},"2":{"loc":{"start":{"line":12,"column":2},"end":{"line":12,"column":45}},"type":"if","locations":[{"start":{"line":12,"column":2},"end":{"line":12,"column":45}},{"start":{},"end":{}}],"line":12},"3":{"loc":{"start":{"line":16,"column":2},"end":{"line":52,"column":3}},"type":"if","locations":[{"start":{"line":16,"column":2},"end":{"line":52,"column":3}},{"start":{},"end":{}}],"line":16}},"s":{"0":1,"1":1,"2":1,"3":1,"4":3,"5":3,"6":0,"7":3,"8":3,"9":0,"10":3,"11":3,"12":3,"13":3,"14":3,"15":3,"16":3,"17":3,"18":3,"19":3,"20":1},"f":{"0":3},"b":{"0":[0,3],"1":[3,3],"2":[0,3],"3":[3,0]},"_coverageSchema":"1a1c01bbd47fc00a2c39e90264f33305004495a9","hash":"4f2f9272d8cabb5365ec1053573bcd017a4f951b"}
,"/Users/ayotunde/Desktop/AltSchool/Altschool BlogApi/controllers/logout.js": {"path":"/Users/ayotunde/Desktop/AltSchool/Altschool BlogApi/controllers/logout.js","statementMap":{"0":{"start":{"line":1,"column":13},"end":{"line":1,"column":38}},"1":{"start":{"line":3,"column":15},"end":{"line":29,"column":1}},"2":{"start":{"line":4,"column":18},"end":{"line":4,"column":29}},"3":{"start":{"line":6,"column":2},"end":{"line":6,"column":48}},"4":{"start":{"line":6,"column":21},"end":{"line":6,"column":48}},"5":{"start":{"line":8,"column":23},"end":{"line":8,"column":34}},"6":{"start":{"line":10,"column":20},"end":{"line":10,"column":63}},"7":{"start":{"line":11,"column":2},"end":{"line":17,"column":3}},"8":{"start":{"line":12,"column":4},"end":{"line":15,"column":7}},"9":{"start":{"line":16,"column":4},"end":{"line":16,"column":31}},"10":{"start":{"line":19,"column":0},"end":{"line":19,"column":28}},"11":{"start":{"line":20,"column":15},"end":{"line":20,"column":37}},"12":{"start":{"line":21,"column":0},"end":{"line":21,"column":20}},"13":{"start":{"line":23,"column":2},"end":{"line":26,"column":5}},"14":{"start":{"line":27,"column":2},"end":{"line":27,"column":29}},"15":{"start":{"line":28,"column":2},"end":{"line":28,"column":38}},"16":{"start":{"line":31,"column":0},"end":{"line":31,"column":28}}},"fnMap":{"0":{"name":"(anonymous_0)","decl":{"start":{"line":3,"column":15},"end":{"line":3,"column":16}},"loc":{"start":{"line":3,"column":35},"end":{"line":29,"column":1}},"line":3}},"branchMap":{"0":{"loc":{"start":{"line":6,"column":2},"end":{"line":6,"column":48}},"type":"if","locations":[{"start":{"line":6,"column":2},"end":{"line":6,"column":48}},{"start":{},"end":{}}],"line":6},"1":{"loc":{"start":{"line":11,"column":2},"end":{"line":17,"column":3}},"type":"if","locations":[{"start":{"line":11,"column":2},"end":{"line":17,"column":3}},{"start":{},"end":{}}],"line":11}},"s":{"0":1,"1":1,"2":0,"3":0,"4":0,"5":0,"6":0,"7":0,"8":0,"9":0,"10":0,"11":0,"12":0,"13":0,"14":0,"15":0,"16":1},"f":{"0":0},"b":{"0":[0,0],"1":[0,0]},"_coverageSchema":"1a1c01bbd47fc00a2c39e90264f33305004495a9","hash":"63d60f5a82d3e07438deed9dd9b503f5ab434cd8"}
,"/Users/ayotunde/Desktop/AltSchool/Altschool BlogApi/controllers/refreshToken.js": {"path":"/Users/ayotunde/Desktop/AltSchool/Altschool BlogApi/controllers/refreshToken.js","statementMap":{"0":{"start":{"line":1,"column":13},"end":{"line":1,"column":38}},"1":{"start":{"line":2,"column":12},"end":{"line":2,"column":35}},"2":{"start":{"line":4,"column":19},"end":{"line":32,"column":1}},"3":{"start":{"line":5,"column":18},"end":{"line":5,"column":29}},"4":{"start":{"line":7,"column":2},"end":{"line":7,"column":48}},"5":{"start":{"line":7,"column":21},"end":{"line":7,"column":48}},"6":{"start":{"line":8,"column":23},"end":{"line":8,"column":34}},"7":{"start":{"line":10,"column":20},"end":{"line":10,"column":63}},"8":{"start":{"line":12,"column":2},"end":{"line":12,"column":45}},"9":{"start":{"line":12,"column":18},"end":{"line":12,"column":45}},"10":{"start":{"line":14,"column":2},"end":{"line":31,"column":4}},"11":{"start":{"line":15,"column":4},"end":{"line":16,"column":33}},"12":{"start":{"line":16,"column":6},"end":{"line":16,"column":33}},"13":{"start":{"line":17,"column":18},"end":{"line":17,"column":48}},"14":{"start":{"line":18,"column":24},"end":{"line":27,"column":5}},"15":{"start":{"line":28,"column":4},"end":{"line":28,"column":37}},"16":{"start":{"line":34,"column":0},"end":{"line":34,"column":28}}},"fnMap":{"0":{"name":"(anonymous_0)","decl":{"start":{"line":4,"column":19},"end":{"line":4,"column":20}},"loc":{"start":{"line":4,"column":39},"end":{"line":32,"column":1}},"line":4},"1":{"name":"(anonymous_1)","decl":{"start":{"line":14,"column":54},"end":{"line":14,"column":55}},"loc":{"start":{"line":14,"column":77},"end":{"line":29,"column":3}},"line":14}},"branchMap":{"0":{"loc":{"start":{"line":7,"column":2},"end":{"line":7,"column":48}},"type":"if","locations":[{"start":{"line":7,"column":2},"end":{"line":7,"column":48}},{"start":{},"end":{}}],"line":7},"1":{"loc":{"start":{"line":12,"column":2},"end":{"line":12,"column":45}},"type":"if","locations":[{"start":{"line":12,"column":2},"end":{"line":12,"column":45}},{"start":{},"end":{}}],"line":12},"2":{"loc":{"start":{"line":15,"column":4},"end":{"line":16,"column":33}},"type":"if","locations":[{"start":{"line":15,"column":4},"end":{"line":16,"column":33}},{"start":{},"end":{}}],"line":15},"3":{"loc":{"start":{"line":15,"column":8},"end":{"line":15,"column":62}},"type":"binary-expr","locations":[{"start":{"line":15,"column":8},"end":{"line":15,"column":11}},{"start":{"line":15,"column":15},"end":{"line":15,"column":62}}],"line":15}},"s":{"0":1,"1":1,"2":1,"3":0,"4":0,"5":0,"6":0,"7":0,"8":0,"9":0,"10":0,"11":0,"12":0,"13":0,"14":0,"15":0,"16":1},"f":{"0":0,"1":0},"b":{"0":[0,0],"1":[0,0],"2":[0,0],"3":[0,0]},"_coverageSchema":"1a1c01bbd47fc00a2c39e90264f33305004495a9","hash":"45a418eef7782c9535f3d7b1acc1e7a2b69fd880"}
,"/Users/ayotunde/Desktop/AltSchool/Altschool BlogApi/controllers/register.js": {"path":"/Users/ayotunde/Desktop/AltSchool/Altschool BlogApi/controllers/register.js","statementMap":{"0":{"start":{"line":1,"column":13},"end":{"line":1,"column":38}},"1":{"start":{"line":2,"column":15},"end":{"line":2,"column":32}},"2":{"start":{"line":4,"column":19},"end":{"line":43,"column":1}},"3":{"start":{"line":5,"column":57},"end":{"line":5,"column":65}},"4":{"start":{"line":7,"column":2},"end":{"line":10,"column":67}},"5":{"start":{"line":8,"column":4},"end":{"line":10,"column":67}},"6":{"start":{"line":12,"column":20},"end":{"line":12,"column":56}},"7":{"start":{"line":14,"column":2},"end":{"line":14,"column":44}},"8":{"start":{"line":14,"column":17},"end":{"line":14,"column":44}},"9":{"start":{"line":16,"column":2},"end":{"line":42,"column":3}},"10":{"start":{"line":17,"column":27},"end":{"line":17,"column":58}},"11":{"start":{"line":21,"column":4},"end":{"line":25,"column":5}},"12":{"start":{"line":22,"column":6},"end":{"line":22,"column":22}},"13":{"start":{"line":24,"column":6},"end":{"line":24,"column":33}},"14":{"start":{"line":27,"column":20},"end":{"line":33,"column":6}},"15":{"start":{"line":35,"column":4},"end":{"line":35,"column":25}},"16":{"start":{"line":37,"column":4},"end":{"line":39,"column":73}},"17":{"start":{"line":41,"column":4},"end":{"line":41,"column":53}},"18":{"start":{"line":45,"column":0},"end":{"line":45,"column":32}}},"fnMap":{"0":{"name":"(anonymous_0)","decl":{"start":{"line":4,"column":19},"end":{"line":4,"column":20}},"loc":{"start":{"line":4,"column":39},"end":{"line":43,"column":1}},"line":4}},"branchMap":{"0":{"loc":{"start":{"line":7,"column":2},"end":{"line":10,"column":67}},"type":"if","locations":[{"start":{"line":7,"column":2},"end":{"line":10,"column":67}},{"start":{},"end":{}}],"line":7},"1":{"loc":{"start":{"line":7,"column":6},"end":{"line":7,"column":52}},"type":"binary-expr","locations":[{"start":{"line":7,"column":6},"end":{"line":7,"column":16}},{"start":{"line":7,"column":20},"end":{"line":7,"column":29}},{"start":{"line":7,"column":33},"end":{"line":7,"column":39}},{"start":{"line":7,"column":43},"end":{"line":7,"column":52}}],"line":7},"2":{"loc":{"start":{"line":14,"column":2},"end":{"line":14,"column":44}},"type":"if","locations":[{"start":{"line":14,"column":2},"end":{"line":14,"column":44}},{"start":{},"end":{}}],"line":14},"3":{"loc":{"start":{"line":21,"column":4},"end":{"line":25,"column":5}},"type":"if","locations":[{"start":{"line":21,"column":4},"end":{"line":25,"column":5}},{"start":{"line":23,"column":11},"end":{"line":25,"column":5}}],"line":21},"4":{"loc":{"start":{"line":21,"column":8},"end":{"line":21,"column":29}},"type":"binary-expr","locations":[{"start":{"line":21,"column":8},"end":{"line":21,"column":13}},{"start":{"line":21,"column":17},"end":{"line":21,"column":29}}],"line":21}},"s":{"0":1,"1":1,"2":1,"3":5,"4":5,"5":0,"6":5,"7":5,"8":0,"9":5,"10":5,"11":5,"12":4,"13":1,"14":5,"15":5,"16":5,"17":0,"18":1},"f":{"0":5},"b":{"0":[0,5],"1":[5,5,5,5],"2":[0,5],"3":[4,1],"4":[5,1]},"_coverageSchema":"1a1c01bbd47fc00a2c39e90264f33305004495a9","hash":"2852f57c0cb3ee903c2474c3b5f4c5297bed2b14"}
,"/Users/ayotunde/Desktop/AltSchool/Altschool BlogApi/middleware/checkAuth.js": {"path":"/Users/ayotunde/Desktop/AltSchool/Altschool BlogApi/middleware/checkAuth.js","statementMap":{"0":{"start":{"line":1,"column":13},"end":{"line":1,"column":38}},"1":{"start":{"line":3,"column":18},"end":{"line":10,"column":1}},"2":{"start":{"line":4,"column":19},"end":{"line":4,"column":27}},"3":{"start":{"line":5,"column":20},"end":{"line":5,"column":59}},"4":{"start":{"line":7,"column":2},"end":{"line":7,"column":64}},"5":{"start":{"line":7,"column":37},"end":{"line":7,"column":64}},"6":{"start":{"line":9,"column":2},"end":{"line":9,"column":9}},"7":{"start":{"line":12,"column":0},"end":{"line":12,"column":27}}},"fnMap":{"0":{"name":"(anonymous_0)","decl":{"start":{"line":3,"column":18},"end":{"line":3,"column":19}},"loc":{"start":{"line":3,"column":44},"end":{"line":10,"column":1}},"line":3}},"branchMap":{"0":{"loc":{"start":{"line":7,"column":2},"end":{"line":7,"column":64}},"type":"if","locations":[{"start":{"line":7,"column":2},"end":{"line":7,"column":64}},{"start":{},"end":{}}],"line":7}},"s":{"0":1,"1":1,"2":0,"3":0,"4":0,"5":0,"6":0,"7":1},"f":{"0":0},"b":{"0":[0,0]},"_coverageSchema":"1a1c01bbd47fc00a2c39e90264f33305004495a9","hash":"e14c2b7b227aa103ab38838b48c41fe8252a9790"}
,"/Users/ayotunde/Desktop/AltSchool/Altschool BlogApi/middleware/errorHandler.js": {"path":"/Users/ayotunde/Desktop/AltSchool/Altschool BlogApi/middleware/errorHandler.js","statementMap":{"0":{"start":{"line":1,"column":21},"end":{"line":8,"column":1}},"1":{"start":{"line":2,"column":4},"end":{"line":5,"column":5}},"2":{"start":{"line":3,"column":8},"end":{"line":3,"column":46}},"3":{"start":{"line":4,"column":8},"end":{"line":4,"column":26}},"4":{"start":{"line":7,"column":4},"end":{"line":7,"column":10}},"5":{"start":{"line":10,"column":0},"end":{"line":10,"column":30}}},"fnMap":{"0":{"name":"(anonymous_0)","decl":{"start":{"line":1,"column":21},"end":{"line":1,"column":22}},"loc":{"start":{"line":1,"column":48},"end":{"line":8,"column":1}},"line":1}},"branchMap":{"0":{"loc":{"start":{"line":2,"column":4},"end":{"line":5,"column":5}},"type":"if","locations":[{"start":{"line":2,"column":4},"end":{"line":5,"column":5}},{"start":{},"end":{}}],"line":2}},"s":{"0":1,"1":0,"2":0,"3":0,"4":0,"5":1},"f":{"0":0},"b":{"0":[0,0]},"_coverageSchema":"1a1c01bbd47fc00a2c39e90264f33305004495a9","hash":"31c70972c919b812f3a9599f43b1868fabd5e6bf"}
,"/Users/ayotunde/Desktop/AltSchool/Altschool BlogApi/middleware/paginatedResult.js": {"path":"/Users/ayotunde/Desktop/AltSchool/Altschool BlogApi/middleware/paginatedResult.js","statementMap":{"0":{"start":{"line":1,"column":13},"end":{"line":1,"column":38}},"1":{"start":{"line":3,"column":24},"end":{"line":90,"column":1}},"2":{"start":{"line":4,"column":2},"end":{"line":89,"column":4}},"3":{"start":{"line":5,"column":43},"end":{"line":5,"column":52}},"4":{"start":{"line":6,"column":18},"end":{"line":6,"column":43}},"5":{"start":{"line":7,"column":17},"end":{"line":7,"column":41}},"6":{"start":{"line":8,"column":17},"end":{"line":8,"column":25}},"7":{"start":{"line":13,"column":4},"end":{"line":17,"column":5}},"8":{"start":{"line":14,"column":6},"end":{"line":14,"column":27}},"9":{"start":{"line":16,"column":6},"end":{"line":16,"column":24}},"10":{"start":{"line":19,"column":23},"end":{"line":21,"column":5}},"11":{"start":{"line":23,"column":4},"end":{"line":27,"column":5}},"12":{"start":{"line":24,"column":6},"end":{"line":24,"column":25}},"13":{"start":{"line":26,"column":6},"end":{"line":26,"column":22}},"14":{"start":{"line":29,"column":23},"end":{"line":29,"column":55}},"15":{"start":{"line":30,"column":21},"end":{"line":30,"column":47}},"16":{"start":{"line":32,"column":19},"end":{"line":32,"column":21}},"17":{"start":{"line":34,"column":4},"end":{"line":39,"column":5}},"18":{"start":{"line":35,"column":6},"end":{"line":38,"column":8}},"19":{"start":{"line":41,"column":4},"end":{"line":46,"column":5}},"20":{"start":{"line":42,"column":6},"end":{"line":45,"column":8}},"21":{"start":{"line":48,"column":4},"end":{"line":88,"column":5}},"22":{"start":{"line":49,"column":6},"end":{"line":83,"column":7}},"23":{"start":{"line":50,"column":26},"end":{"line":50,"column":61}},"24":{"start":{"line":51,"column":29},"end":{"line":51,"column":47}},"25":{"start":{"line":53,"column":8},"end":{"line":57,"column":18}},"26":{"start":{"line":58,"column":13},"end":{"line":83,"column":7}},"27":{"start":{"line":59,"column":20},"end":{"line":59,"column":77}},"28":{"start":{"line":61,"column":8},"end":{"line":76,"column":18}},"29":{"start":{"line":78,"column":8},"end":{"line":82,"column":18}},"30":{"start":{"line":84,"column":6},"end":{"line":84,"column":35}},"31":{"start":{"line":85,"column":6},"end":{"line":85,"column":13}},"32":{"start":{"line":87,"column":6},"end":{"line":87,"column":51}},"33":{"start":{"line":92,"column":0},"end":{"line":92,"column":33}}},"fnMap":{"0":{"name":"(anonymous_0)","decl":{"start":{"line":3,"column":24},"end":{"line":3,"column":25}},"loc":{"start":{"line":3,"column":35},"end":{"line":90,"column":1}},"line":3},"1":{"name":"(anonymous_1)","decl":{"start":{"line":4,"column":9},"end":{"line":4,"column":10}},"loc":{"start":{"line":4,"column":35},"end":{"line":89,"column":3}},"line":4}},"branchMap":{"0":{"loc":{"start":{"line":13,"column":4},"end":{"line":17,"column":5}},"type":"if","locations":[{"start":{"line":13,"column":4},"end":{"line":17,"column":5}},{"start":{"line":15,"column":11},"end":{"line":17,"column":5}}],"line":13},"1":{"loc":{"start":{"line":13,"column":8},"end":{"line":13,"column":26}},"type":"binary-expr","locations":[{"start":{"line":13,"column":8},"end":{"line":13,"column":13}},{"start":{"line":13,"column":17},"end":{"line":13,"column":26}}],"line":13},"2":{"loc":{"start":{"line":23,"column":4},"end":{"line":27,"column":5}},"type":"if","locations":[{"start":{"line":23,"column":4},"end":{"line":27,"column":5}},{"start":{"line":25,"column":11},"end":{"line":27,"column":5}}],"line":23},"3":{"loc":{"start":{"line":23,"column":8},"end":{"line":23,"column":34}},"type":"binary-expr","locations":[{"start":{"line":23,"column":8},"end":{"line":23,"column":12}},{"start":{"line":23,"column":16},"end":{"line":23,"column":34}}],"line":23},"4":{"loc":{"start":{"line":34,"column":4},"end":{"line":39,"column":5}},"type":"if","locations":[{"start":{"line":34,"column":4},"end":{"line":39,"column":5}},{"start":{},"end":{}}],"line":34},"5":{"loc":{"start":{"line":41,"column":4},"end":{"line":46,"column":5}},"type":"if","locations":[{"start":{"line":41,"column":4},"end":{"line":46,"column":5}},{"start":{},"end":{}}],"line":41},"6":{"loc":{"start":{"line":49,"column":6},"end":{"line":83,"column":7}},"type":"if","locations":[{"start":{"line":49,"column":6},"end":{"line":83,"column":7}},{"start":{"line":58,"column":13},"end":{"line":83,"column":7}}],"line":49},"7":{"loc":{"start":{"line":58,"column":13},"end":{"line":83,"column":7}},"type":"if","locations":[{"start":{"line":58,"column":13},"end":{"line":83,"column":7}},{"start":{"line":77,"column":13},"end":{"line":83,"column":7}}],"line":58},"8":{"loc":{"start":{"line":58,"column":17},"end":{"line":58,"column":40}},"type":"binary-expr","locations":[{"start":{"line":58,"column":17},"end":{"line":58,"column":23}},{"start":{"line":58,"column":27},"end":{"line":58,"column":31}},{"start":{"line":58,"column":35},"end":{"line":58,"column":40}}],"line":58},"9":{"loc":{"start":{"line":59,"column":36},"end":{"line":59,"column":59}},"type":"binary-expr","locations":[{"start":{"line":59,"column":36},"end":{"line":59,"column":42}},{"start":{"line":59,"column":46},"end":{"line":59,"column":50}},{"start":{"line":59,"column":54},"end":{"line":59,"column":59}}],"line":59}},"s":{"0":1,"1":1,"2":2,"3":4,"4":4,"5":4,"6":4,"7":4,"8":0,"9":4,"10":4,"11":4,"12":0,"13":4,"14":4,"15":4,"16":4,"17":4,"18":0,"19":4,"20":0,"21":4,"22":4,"23":1,"24":1,"25":1,"26":3,"27":0,"28":0,"29":3,"30":4,"31":4,"32":0,"33":1},"f":{"0":2,"1":4},"b":{"0":[0,4],"1":[4,0],"2":[0,4],"3":[4,0],"4":[0,4],"5":[0,4],"6":[1,3],"7":[0,3],"8":[3,3,3],"9":[0,0,0]},"_coverageSchema":"1a1c01bbd47fc00a2c39e90264f33305004495a9","hash":"38e4d3ddb863b7959b9a63b7343583e80e0eb6fe"}
,"/Users/ayotunde/Desktop/AltSchool/Altschool BlogApi/middleware/verifyJWT.js": {"path":"/Users/ayotunde/Desktop/AltSchool/Altschool BlogApi/middleware/verifyJWT.js","statementMap":{"0":{"start":{"line":1,"column":12},"end":{"line":1,"column":35}},"1":{"start":{"line":3,"column":18},"end":{"line":19,"column":1}},"2":{"start":{"line":4,"column":21},"end":{"line":4,"column":75}},"3":{"start":{"line":6,"column":2},"end":{"line":6,"column":69}},"4":{"start":{"line":6,"column":42},"end":{"line":6,"column":69}},"5":{"start":{"line":8,"column":16},"end":{"line":8,"column":40}},"6":{"start":{"line":10,"column":2},"end":{"line":18,"column":5}},"7":{"start":{"line":12,"column":4},"end":{"line":12,"column":40}},"8":{"start":{"line":12,"column":13},"end":{"line":12,"column":40}},"9":{"start":{"line":14,"column":4},"end":{"line":14,"column":43}},"10":{"start":{"line":15,"column":4},"end":{"line":15,"column":44}},"11":{"start":{"line":17,"column":4},"end":{"line":17,"column":11}},"12":{"start":{"line":21,"column":0},"end":{"line":21,"column":27}}},"fnMap":{"0":{"name":"(anonymous_0)","decl":{"start":{"line":3,"column":18},"end":{"line":3,"column":19}},"loc":{"start":{"line":3,"column":44},"end":{"line":19,"column":1}},"line":3},"1":{"name":"(anonymous_1)","decl":{"start":{"line":10,"column":46},"end":{"line":10,"column":47}},"loc":{"start":{"line":10,"column":69},"end":{"line":18,"column":3}},"line":10}},"branchMap":{"0":{"loc":{"start":{"line":4,"column":21},"end":{"line":4,"column":75}},"type":"binary-expr","locations":[{"start":{"line":4,"column":21},"end":{"line":4,"column":46}},{"start":{"line":4,"column":50},"end":{"line":4,"column":75}}],"line":4},"1":{"loc":{"start":{"line":6,"column":2},"end":{"line":6,"column":69}},"type":"if","locations":[{"start":{"line":6,"column":2},"end":{"line":6,"column":69}},{"start":{},"end":{}}],"line":6},"2":{"loc":{"start":{"line":12,"column":4},"end":{"line":12,"column":40}},"type":"if","locations":[{"start":{"line":12,"column":4},"end":{"line":12,"column":40}},{"start":{},"end":{}}],"line":12}},"s":{"0":1,"1":1,"2":3,"3":3,"4":1,"5":2,"6":2,"7":2,"8":0,"9":2,"10":2,"11":2,"12":1},"f":{"0":3,"1":2},"b":{"0":[3,1],"1":[1,2],"2":[0,2]},"_coverageSchema":"1a1c01bbd47fc00a2c39e90264f33305004495a9","hash":"341ef51d31e4826dd292b5f8cb84429b2e65986c"}
,"/Users/ayotunde/Desktop/AltSchool/Altschool BlogApi/middleware/verifyRoles.js": {"path":"/Users/ayotunde/Desktop/AltSchool/Altschool BlogApi/middleware/verifyRoles.js","statementMap":{"0":{"start":{"line":1,"column":20},"end":{"line":14,"column":1}},"1":{"start":{"line":2,"column":2},"end":{"line":13,"column":4}},"2":{"start":{"line":3,"column":4},"end":{"line":3,"column":48}},"3":{"start":{"line":3,"column":21},"end":{"line":3,"column":48}},"4":{"start":{"line":5,"column":23},"end":{"line":5,"column":40}},"5":{"start":{"line":7,"column":19},"end":{"line":9,"column":34}},"6":{"start":{"line":8,"column":21},"end":{"line":8,"column":46}},"7":{"start":{"line":9,"column":21},"end":{"line":9,"column":33}},"8":{"start":{"line":11,"column":4},"end":{"line":11,"column":44}},"9":{"start":{"line":11,"column":17},"end":{"line":11,"column":44}},"10":{"start":{"line":12,"column":4},"end":{"line":12,"column":11}},"11":{"start":{"line":16,"column":0},"end":{"line":16,"column":29}}},"fnMap":{"0":{"name":"(anonymous_0)","decl":{"start":{"line":1,"column":20},"end":{"line":1,"column":21}},"loc":{"start":{"line":1,"column":41},"end":{"line":14,"column":1}},"line":1},"1":{"name":"(anonymous_1)","decl":{"start":{"line":2,"column":9},"end":{"line":2,"column":10}},"loc":{"start":{"line":2,"column":29},"end":{"line":13,"column":3}},"line":2},"2":{"name":"(anonymous_2)","decl":{"start":{"line":8,"column":11},"end":{"line":8,"column":12}},"loc":{"start":{"line":8,"column":21},"end":{"line":8,"column":46}},"line":8},"3":{"name":"(anonymous_3)","decl":{"start":{"line":9,"column":12},"end":{"line":9,"column":13}},"loc":{"start":{"line":9,"column":21},"end":{"line":9,"column":33}},"line":9}},"branchMap":{"0":{"loc":{"start":{"line":3,"column":4},"end":{"line":3,"column":48}},"type":"if","locations":[{"start":{"line":3,"column":4},"end":{"line":3,"column":48}},{"start":{},"end":{}}],"line":3},"1":{"loc":{"start":{"line":11,"column":4},"end":{"line":11,"column":44}},"type":"if","locations":[{"start":{"line":11,"column":4},"end":{"line":11,"column":44}},{"start":{},"end":{}}],"line":11}},"s":{"0":1,"1":4,"2":2,"3":0,"4":2,"5":2,"6":6,"7":5,"8":2,"9":0,"10":2,"11":1},"f":{"0":4,"1":2,"2":6,"3":5},"b":{"0":[0,2],"1":[0,2]},"_coverageSchema":"1a1c01bbd47fc00a2c39e90264f33305004495a9","hash":"f82b05b53455f4bf1ec55e706c6a171e18a07a34"}
,"/Users/ayotunde/Desktop/AltSchool/Altschool BlogApi/models/Article.js": {"path":"/Users/ayotunde/Desktop/AltSchool/Altschool BlogApi/models/Article.js","statementMap":{"0":{"start":{"line":1,"column":17},"end":{"line":1,"column":36}},"1":{"start":{"line":2,"column":15},"end":{"line":2,"column":30}},"2":{"start":{"line":4,"column":22},"end":{"line":16,"column":1}},"3":{"start":{"line":18,"column":0},"end":{"line":18,"column":58}}},"fnMap":{},"branchMap":{},"s":{"0":1,"1":1,"2":1,"3":1},"f":{},"b":{},"_coverageSchema":"1a1c01bbd47fc00a2c39e90264f33305004495a9","hash":"375756a7d32e54991a9f2ea3a59b7b6ce64281bb"}
,"/Users/ayotunde/Desktop/AltSchool/Altschool BlogApi/models/User.js": {"path":"/Users/ayotunde/Desktop/AltSchool/Altschool BlogApi/models/User.js","statementMap":{"0":{"start":{"line":1,"column":17},"end":{"line":1,"column":36}},"1":{"start":{"line":2,"column":15},"end":{"line":2,"column":30}},"2":{"start":{"line":4,"column":19},"end":{"line":16,"column":2}},"3":{"start":{"line":18,"column":0},"end":{"line":18,"column":52}}},"fnMap":{},"branchMap":{},"s":{"0":1,"1":1,"2":1,"3":1},"f":{},"b":{},"_coverageSchema":"1a1c01bbd47fc00a2c39e90264f33305004495a9","hash":"33cf9d8f64fbc612344394c5cc39c88cdc4bd85d"}
,"/Users/ayotunde/Desktop/AltSchool/Altschool BlogApi/routes/auth.js": {"path":"/Users/ayotunde/Desktop/AltSchool/Altschool BlogApi/routes/auth.js","statementMap":{"0":{"start":{"line":1,"column":19},"end":{"line":1,"column":37}},"1":{"start":{"line":2,"column":22},"end":{"line":2,"column":53}},"2":{"start":{"line":3,"column":19},"end":{"line":3,"column":51}},"3":{"start":{"line":4,"column":19},"end":{"line":4,"column":57}},"4":{"start":{"line":5,"column":23},"end":{"line":5,"column":57}},"5":{"start":{"line":6,"column":15},"end":{"line":6,"column":23}},"6":{"start":{"line":8,"column":0},"end":{"line":11,"column":3}},"7":{"start":{"line":9,"column":20},"end":{"line":9,"column":54}},"8":{"start":{"line":9,"column":40},"end":{"line":9,"column":53}},"9":{"start":{"line":10,"column":2},"end":{"line":10,"column":22}},"10":{"start":{"line":14,"column":0},"end":{"line":14,"column":37}},"11":{"start":{"line":15,"column":0},"end":{"line":15,"column":33}},"12":{"start":{"line":16,"column":0},"end":{"line":16,"column":35}},"13":{"start":{"line":17,"column":0},"end":{"line":17,"column":29}},"14":{"start":{"line":19,"column":0},"end":{"line":19,"column":24}}},"fnMap":{"0":{"name":"(anonymous_0)","decl":{"start":{"line":8,"column":16},"end":{"line":8,"column":17}},"loc":{"start":{"line":8,"column":30},"end":{"line":11,"column":1}},"line":8},"1":{"name":"(anonymous_1)","decl":{"start":{"line":9,"column":30},"end":{"line":9,"column":31}},"loc":{"start":{"line":9,"column":40},"end":{"line":9,"column":53}},"line":9}},"branchMap":{},"s":{"0":1,"1":1,"2":1,"3":1,"4":1,"5":1,"6":1,"7":0,"8":0,"9":0,"10":1,"11":1,"12":1,"13":1,"14":1},"f":{"0":0,"1":0},"b":{},"_coverageSchema":"1a1c01bbd47fc00a2c39e90264f33305004495a9","hash":"d6a4f2b1617e867e663a4f3858966c577ce7f768"}
,"/Users/ayotunde/Desktop/AltSchool/Altschool BlogApi/routes/root.js": {"path":"/Users/ayotunde/Desktop/AltSchool/Altschool BlogApi/routes/root.js","statementMap":{"0":{"start":{"line":1,"column":17},"end":{"line":1,"column":35}},"1":{"start":{"line":2,"column":15},"end":{"line":2,"column":23}},"2":{"start":{"line":4,"column":0},"end":{"line":6,"column":2}},"3":{"start":{"line":5,"column":4},"end":{"line":5,"column":38}},"4":{"start":{"line":8,"column":0},"end":{"line":8,"column":24}}},"fnMap":{"0":{"name":"(anonymous_0)","decl":{"start":{"line":4,"column":16},"end":{"line":4,"column":17}},"loc":{"start":{"line":4,"column":30},"end":{"line":6,"column":1}},"line":4}},"branchMap":{},"s":{"0":1,"1":1,"2":1,"3":0,"4":1},"f":{"0":0},"b":{},"_coverageSchema":"1a1c01bbd47fc00a2c39e90264f33305004495a9","hash":"5f45b244f66382f2f0ddc104b4a583a6391fec0b"}
,"/Users/ayotunde/Desktop/AltSchool/Altschool BlogApi/routes/api/articles.js": {"path":"/Users/ayotunde/Desktop/AltSchool/Altschool BlogApi/routes/api/articles.js","statementMap":{"0":{"start":{"line":1,"column":19},"end":{"line":1,"column":37}},"1":{"start":{"line":2,"column":15},"end":{"line":2,"column":23}},"2":{"start":{"line":3,"column":16},"end":{"line":3,"column":47}},"3":{"start":{"line":4,"column":18},"end":{"line":4,"column":55}},"4":{"start":{"line":5,"column":18},"end":{"line":5,"column":52}},"5":{"start":{"line":6,"column":20},"end":{"line":6,"column":59}},"6":{"start":{"line":14,"column":4},"end":{"line":14,"column":41}},"7":{"start":{"line":15,"column":18},"end":{"line":15,"column":55}},"8":{"start":{"line":16,"column":24},"end":{"line":16,"column":67}},"9":{"start":{"line":18,"column":0},"end":{"line":32,"column":77}},"10":{"start":{"line":34,"column":0},"end":{"line":40,"column":2}},"11":{"start":{"line":42,"column":0},"end":{"line":42,"column":37}},"12":{"start":{"line":44,"column":0},"end":{"line":44,"column":24}}},"fnMap":{},"branchMap":{},"s":{"0":1,"1":1,"2":1,"3":1,"4":1,"5":1,"6":1,"7":1,"8":1,"9":1,"10":1,"11":1,"12":1},"f":{},"b":{},"_coverageSchema":"1a1c01bbd47fc00a2c39e90264f33305004495a9","hash":"f5bf5e0739692103f6427fd2c93d16b5d75b0de4"}
,"/Users/ayotunde/Desktop/AltSchool/Altschool BlogApi/test/testFunctions.js": {"path":"/Users/ayotunde/Desktop/AltSchool/Altschool BlogApi/test/testFunctions.js","statementMap":{"0":{"start":{"line":1,"column":13},"end":{"line":1,"column":38}},"1":{"start":{"line":2,"column":16},"end":{"line":2,"column":44}},"2":{"start":{"line":4,"column":18},"end":{"line":7,"column":1}},"3":{"start":{"line":5,"column":16},"end":{"line":5,"column":35}},"4":{"start":{"line":6,"column":2},"end":{"line":6,"column":44}},"5":{"start":{"line":6,"column":29},"end":{"line":6,"column":42}},"6":{"start":{"line":9,"column":21},"end":{"line":12,"column":1}},"7":{"start":{"line":10,"column":19},"end":{"line":10,"column":41}},"8":{"start":{"line":11,"column":2},"end":{"line":11,"column":53}},"9":{"start":{"line":11,"column":35},"end":{"line":11,"column":51}},"10":{"start":{"line":14,"column":21},"end":{"line":16,"column":1}},"11":{"start":{"line":15,"column":2},"end":{"line":15,"column":42}},"12":{"start":{"line":18,"column":24},"end":{"line":20,"column":1}},"13":{"start":{"line":19,"column":2},"end":{"line":19,"column":45}},"14":{"start":{"line":22,"column":28},"end":{"line":31,"column":1}},"15":{"start":{"line":23,"column":2},"end":{"line":30,"column":4}},"16":{"start":{"line":33,"column":0},"end":{"line":39,"column":2}}},"fnMap":{"0":{"name":"(anonymous_0)","decl":{"start":{"line":4,"column":18},"end":{"line":4,"column":19}},"loc":{"start":{"line":4,"column":30},"end":{"line":7,"column":1}},"line":4},"1":{"name":"(anonymous_1)","decl":{"start":{"line":6,"column":19},"end":{"line":6,"column":20}},"loc":{"start":{"line":6,"column":29},"end":{"line":6,"column":42}},"line":6},"2":{"name":"(anonymous_2)","decl":{"start":{"line":9,"column":21},"end":{"line":9,"column":22}},"loc":{"start":{"line":9,"column":33},"end":{"line":12,"column":1}},"line":9},"3":{"name":"(anonymous_3)","decl":{"start":{"line":11,"column":22},"end":{"line":11,"column":23}},"loc":{"start":{"line":11,"column":35},"end":{"line":11,"column":51}},"line":11},"4":{"name":"(anonymous_4)","decl":{"start":{"line":14,"column":21},"end":{"line":14,"column":22}},"loc":{"start":{"line":14,"column":27},"end":{"line":16,"column":1}},"line":14},"5":{"name":"(anonymous_5)","decl":{"start":{"line":18,"column":24},"end":{"line":18,"column":25}},"loc":{"start":{"line":18,"column":30},"end":{"line":20,"column":1}},"line":18},"6":{"name":"(anonymous_6)","decl":{"start":{"line":22,"column":28},"end":{"line":22,"column":29}},"loc":{"start":{"line":22,"column":39},"end":{"line":31,"column":1}},"line":22}},"branchMap":{},"s":{"0":1,"1":1,"2":1,"3":1,"4":1,"5":5,"6":1,"7":6,"8":6,"9":35,"10":1,"11":1,"12":1,"13":1,"14":1,"15":2,"16":1},"f":{"0":1,"1":5,"2":6,"3":35,"4":1,"5":1,"6":2},"b":{},"_coverageSchema":"1a1c01bbd47fc00a2c39e90264f33305004495a9","hash":"0e460156873954f979f651d816b880cd7ae8c542"}
}
