TN:
SF:server.js
FN:29,(anonymous_0)
FN:35,(anonymous_1)
FN:37,(anonymous_2)
FNF:3
FNH:2
FNDA:0,(anonymous_0)
FNDA:1,(anonymous_1)
FNDA:1,(anonymous_2)
DA:1,1
DA:2,1
DA:3,1
DA:4,1
DA:5,1
DA:6,1
DA:8,1
DA:9,1
DA:10,1
DA:11,1
DA:14,1
DA:15,1
DA:17,1
DA:19,1
DA:20,1
DA:21,1
DA:23,1
DA:25,1
DA:26,1
DA:27,1
DA:29,1
DA:30,0
DA:33,1
DA:35,1
DA:36,1
DA:37,1
DA:38,1
DA:42,1
LF:28
LH:27
BRDA:15,0,0,1
BRDA:15,0,1,0
BRF:2
BRH:1
end_of_record
TN:
SF:config/config.js
FNF:0
FNH:0
DA:1,1
DA:3,1
DA:5,1
LF:3
LH:3
BRDA:3,0,0,1
BRDA:3,0,1,0
BRF:2
BRH:1
end_of_record
TN:
SF:config/dbConnection.js
FN:4,(anonymous_0)
FNF:1
FNH:1
FNDA:1,(anonymous_0)
DA:1,1
DA:2,1
DA:4,1
DA:5,1
DA:6,1
DA:11,0
DA:15,1
LF:7
LH:6
BRF:0
BRH:0
end_of_record
TN:
SF:config/user_roles.js
FNF:0
FNH:0
DA:1,1
DA:7,1
DA:12,1
LF:3
LH:3
BRF:0
BRH:0
end_of_record
TN:
SF:controllers/articles.js
FN:4,(anonymous_0)
FN:11,(anonymous_1)
FN:20,(anonymous_2)
FN:30,(anonymous_3)
FN:72,(anonymous_4)
FN:119,(anonymous_5)
FN:136,(anonymous_6)
FNF:7
FNH:5
FNDA:3,(anonymous_0)
FNDA:1,(anonymous_1)
FNDA:1,(anonymous_2)
FNDA:1,(anonymous_3)
FNDA:0,(anonymous_4)
FNDA:0,(anonymous_5)
FNDA:2,(anonymous_6)
DA:1,1
DA:2,1
DA:4,1
DA:5,3
DA:7,3
DA:8,3
DA:11,1
DA:12,1
DA:14,1
DA:15,0
DA:17,1
DA:20,1
DA:21,1
DA:22,1
DA:24,1
DA:26,1
DA:28,1
DA:30,1
DA:31,1
DA:32,1
DA:33,1
DA:35,1
DA:36,1
DA:40,1
DA:41,0
DA:46,1
DA:55,1
DA:56,0
DA:61,1
DA:62,1
DA:63,1
DA:64,1
DA:66,1
DA:68,0
DA:72,1
DA:73,0
DA:74,0
DA:76,0
DA:77,0
DA:80,0
DA:82,0
DA:83,0
DA:88,0
DA:89,0
DA:91,0
DA:94,0
DA:95,0
DA:98,0
DA:99,0
DA:102,0
DA:103,0
DA:106,0
DA:107,0
DA:110,0
DA:111,0
DA:114,0
DA:116,0
DA:119,1
DA:120,0
DA:121,0
DA:124,0
DA:126,0
DA:127,0
DA:132,0
DA:133,0
DA:136,1
DA:137,2
DA:138,0
DA:141,2
DA:143,2
DA:144,0
DA:148,2
DA:149,2
DA:151,2
DA:154,1
LF:75
LH:40
BRDA:7,0,0,0
BRDA:7,0,1,3
BRDA:14,1,0,0
BRDA:14,1,1,1
BRDA:36,2,0,1
BRDA:36,2,1,0
BRDA:40,3,0,0
BRDA:40,3,1,1
BRDA:55,4,0,0
BRDA:55,4,1,1
BRDA:55,5,0,1
BRDA:55,5,1,1
BRDA:55,5,2,1
BRDA:55,5,3,1
BRDA:76,6,0,0
BRDA:76,6,1,0
BRDA:82,7,0,0
BRDA:82,7,1,0
BRDA:88,8,0,0
BRDA:88,8,1,0
BRDA:88,9,0,0
BRDA:88,9,1,0
BRDA:94,10,0,0
BRDA:94,10,1,0
BRDA:98,11,0,0
BRDA:98,11,1,0
BRDA:102,12,0,0
BRDA:102,12,1,0
BRDA:106,13,0,0
BRDA:106,13,1,0
BRDA:110,14,0,0
BRDA:110,14,1,0
BRDA:120,15,0,0
BRDA:120,15,1,0
BRDA:126,16,0,0
BRDA:126,16,1,0
BRDA:137,17,0,0
BRDA:137,17,1,2
BRDA:143,18,0,0
BRDA:143,18,1,2
BRF:40
BRH:11
end_of_record
TN:
SF:controllers/login.js
FN:5,(anonymous_0)
FNF:1
FNH:1
FNDA:3,(anonymous_0)
DA:1,1
DA:2,1
DA:3,1
DA:5,1
DA:6,3
DA:7,3
DA:8,0
DA:10,3
DA:12,3
DA:14,3
DA:16,3
DA:17,3
DA:19,3
DA:30,3
DA:41,3
DA:42,3
DA:43,3
DA:45,3
DA:51,3
DA:55,1
LF:20
LH:19
BRDA:7,0,0,0
BRDA:7,0,1,3
BRDA:7,1,0,3
BRDA:7,1,1,3
BRDA:12,2,0,0
BRDA:12,2,1,3
BRDA:16,3,0,3
BRDA:16,3,1,0
BRF:8
BRH:5
end_of_record
TN:
SF:controllers/logout.js
FN:3,(anonymous_0)
FNF:1
FNH:0
FNDA:0,(anonymous_0)
DA:1,1
DA:3,1
DA:4,0
DA:6,0
DA:8,0
DA:10,0
DA:11,0
DA:12,0
DA:16,0
DA:19,0
DA:20,0
DA:21,0
DA:23,0
DA:27,0
DA:28,0
DA:31,1
LF:16
LH:3
BRDA:6,0,0,0
BRDA:6,0,1,0
BRDA:11,1,0,0
BRDA:11,1,1,0
BRF:4
BRH:0
end_of_record
TN:
SF:controllers/refreshToken.js
FN:4,(anonymous_0)
FN:14,(anonymous_1)
FNF:2
FNH:0
FNDA:0,(anonymous_0)
FNDA:0,(anonymous_1)
DA:1,1
DA:2,1
DA:4,1
DA:5,0
DA:7,0
DA:8,0
DA:10,0
DA:12,0
DA:14,0
DA:15,0
DA:16,0
DA:17,0
DA:18,0
DA:28,0
DA:34,1
LF:15
LH:4
BRDA:7,0,0,0
BRDA:7,0,1,0
BRDA:12,1,0,0
BRDA:12,1,1,0
BRDA:15,2,0,0
BRDA:15,2,1,0
BRDA:15,3,0,0
BRDA:15,3,1,0
BRF:8
BRH:0
end_of_record
TN:
SF:controllers/register.js
FN:4,(anonymous_0)
FNF:1
FNH:1
FNDA:5,(anonymous_0)
DA:1,1
DA:2,1
DA:4,1
DA:5,5
DA:7,5
DA:8,0
DA:12,5
DA:14,5
DA:16,5
DA:17,5
DA:21,5
DA:22,4
DA:24,1
DA:27,5
DA:35,5
DA:37,5
DA:41,0
DA:45,1
LF:18
LH:16
BRDA:7,0,0,0
BRDA:7,0,1,5
BRDA:7,1,0,5
BRDA:7,1,1,5
BRDA:7,1,2,5
BRDA:7,1,3,5
BRDA:14,2,0,0
BRDA:14,2,1,5
BRDA:21,3,0,4
BRDA:21,3,1,1
BRDA:21,4,0,5
BRDA:21,4,1,1
BRF:12
BRH:10
end_of_record
TN:
SF:middleware/checkAuth.js
FN:3,(anonymous_0)
FNF:1
FNH:0
FNDA:0,(anonymous_0)
DA:1,1
DA:3,1
DA:4,0
DA:5,0
DA:7,0
DA:9,0
DA:12,1
LF:7
LH:3
BRDA:7,0,0,0
BRDA:7,0,1,0
BRF:2
BRH:0
end_of_record
TN:
SF:middleware/errorHandler.js
FN:1,(anonymous_0)
FNF:1
FNH:0
FNDA:0,(anonymous_0)
DA:1,1
DA:2,0
DA:3,0
DA:4,0
DA:7,0
DA:10,1
LF:6
LH:2
BRDA:2,0,0,0
BRDA:2,0,1,0
BRF:2
BRH:0
end_of_record
TN:
SF:middleware/paginatedResult.js
FN:3,(anonymous_0)
FN:4,(anonymous_1)
FNF:2
FNH:2
FNDA:2,(anonymous_0)
FNDA:4,(anonymous_1)
DA:1,1
DA:3,1
DA:4,2
DA:5,4
DA:6,4
DA:7,4
DA:8,4
DA:13,4
DA:14,0
DA:16,4
DA:19,4
DA:23,4
DA:24,0
DA:26,4
DA:29,4
DA:30,4
DA:32,4
DA:34,4
DA:35,0
DA:41,4
DA:42,0
DA:48,4
DA:49,4
DA:50,1
DA:51,1
DA:53,1
DA:58,3
DA:59,0
DA:61,0
DA:78,3
DA:84,4
DA:85,4
DA:87,0
DA:92,1
LF:34
LH:27
BRDA:13,0,0,0
BRDA:13,0,1,4
BRDA:13,1,0,4
BRDA:13,1,1,0
BRDA:23,2,0,0
BRDA:23,2,1,4
BRDA:23,3,0,4
BRDA:23,3,1,0
BRDA:34,4,0,0
BRDA:34,4,1,4
BRDA:41,5,0,0
BRDA:41,5,1,4
BRDA:49,6,0,1
BRDA:49,6,1,3
BRDA:58,7,0,0
BRDA:58,7,1,3
BRDA:58,8,0,3
BRDA:58,8,1,3
BRDA:58,8,2,3
BRDA:59,9,0,0
BRDA:59,9,1,0
BRDA:59,9,2,0
BRF:22
BRH:12
end_of_record
TN:
SF:middleware/verifyJWT.js
FN:3,(anonymous_0)
FN:10,(anonymous_1)
FNF:2
FNH:2
FNDA:3,(anonymous_0)
FNDA:2,(anonymous_1)
DA:1,1
DA:3,1
DA:4,3
DA:6,3
DA:8,2
DA:10,2
DA:12,2
DA:14,2
DA:15,2
DA:17,2
DA:21,1
LF:11
LH:11
BRDA:4,0,0,3
BRDA:4,0,1,1
BRDA:6,1,0,1
BRDA:6,1,1,2
BRDA:12,2,0,0
BRDA:12,2,1,2
BRF:6
BRH:5
end_of_record
TN:
SF:middleware/verifyRoles.js
FN:1,(anonymous_0)
FN:2,(anonymous_1)
FN:8,(anonymous_2)
FN:9,(anonymous_3)
FNF:4
FNH:4
FNDA:4,(anonymous_0)
FNDA:2,(anonymous_1)
FNDA:6,(anonymous_2)
FNDA:5,(anonymous_3)
DA:1,1
DA:2,4
DA:3,2
DA:5,2
DA:7,2
DA:8,6
DA:9,5
DA:11,2
DA:12,2
DA:16,1
LF:10
LH:10
BRDA:3,0,0,0
BRDA:3,0,1,2
BRDA:11,1,0,0
BRDA:11,1,1,2
BRF:4
BRH:2
end_of_record
TN:
SF:models/Article.js
FNF:0
FNH:0
DA:1,1
DA:2,1
DA:4,1
DA:18,1
LF:4
LH:4
BRF:0
BRH:0
end_of_record
TN:
SF:models/User.js
FNF:0
FNH:0
DA:1,1
DA:2,1
DA:4,1
DA:18,1
LF:4
LH:4
BRF:0
BRH:0
end_of_record
TN:
SF:routes/auth.js
FN:8,(anonymous_0)
FN:9,(anonymous_1)
FNF:2
FNH:0
FNDA:0,(anonymous_0)
FNDA:0,(anonymous_1)
DA:1,1
DA:2,1
DA:3,1
DA:4,1
DA:5,1
DA:6,1
DA:8,1
DA:9,0
DA:10,0
DA:14,1
DA:15,1
DA:16,1
DA:17,1
DA:19,1
LF:14
LH:12
BRF:0
BRH:0
end_of_record
TN:
SF:routes/root.js
FN:4,(anonymous_0)
FNF:1
FNH:0
FNDA:0,(anonymous_0)
DA:1,1
DA:2,1
DA:4,1
DA:5,0
DA:8,1
LF:5
LH:4
BRF:0
BRH:0
end_of_record
TN:
SF:routes/api/articles.js
FNF:0
FNH:0
DA:1,1
DA:2,1
DA:3,1
DA:4,1
DA:5,1
DA:6,1
DA:14,1
DA:15,1
DA:16,1
DA:18,1
DA:34,1
DA:42,1
DA:44,1
LF:13
LH:13
BRF:0
BRH:0
end_of_record
TN:
SF:test/testFunctions.js
FN:4,(anonymous_0)
FN:6,(anonymous_1)
FN:9,(anonymous_2)
FN:11,(anonymous_3)
FN:14,(anonymous_4)
FN:18,(anonymous_5)
FN:22,(anonymous_6)
FNF:7
FNH:7
FNDA:1,(anonymous_0)
FNDA:5,(anonymous_1)
FNDA:6,(anonymous_2)
FNDA:35,(anonymous_3)
FNDA:1,(anonymous_4)
FNDA:1,(anonymous_5)
FNDA:2,(anonymous_6)
DA:1,1
DA:2,1
DA:4,1
DA:5,1
DA:6,5
DA:9,1
DA:10,6
DA:11,35
DA:14,1
DA:15,1
DA:18,1
DA:19,1
DA:22,1
DA:23,2
DA:33,1
LF:15
LH:15
BRF:0
BRH:0
end_of_record
